#
# A fatal error has been detected by the Java Runtime Environment:
#
#  EXCEPTION_ACCESS_VIOLATION (0xc0000005) at pc=0x000002056ee41050, pid=26272, tid=28876
#
# JRE version: OpenJDK Runtime Environment Temurin-21.0.5+11 (21.0.5+11) (build 21.0.5+11-LTS)
# Java VM: OpenJDK 64-Bit Server VM Temurin-21.0.5+11 (21.0.5+11-LTS, mixed mode, emulated-client, sharing, tiered, compressed oops, compressed class ptrs, g1 gc, windows-amd64)
# Problematic frame:
# v  ~BufferBlob::MethodHandles adapters 0x000002056ee41050
#
# No core dump will be written. Minidumps are not enabled by default on client versions of Windows
#
# If you would like to submit a bug report, please visit:
#   https://github.com/adoptium/adoptium-support/issues
#

---------------  S U M M A R Y ------------

Command Line: -XX:+ShowCodeDetailsInExceptionMessages -agentlib:jdwp=transport=dt_socket,suspend=y,address=localhost:62204 -Dcom.sun.management.jmxremote -Dcom.sun.management.jmxremote.port=62202 -Dcom.sun.management.jmxremote.authenticate=false -Dcom.sun.management.jmxremote.ssl=false -Djava.rmi.server.hostname=localhost -Dspring.jmx.enabled=true -Dmanagement.endpoints.jmx.exposure.include=* -Dspring.application.admin.enabled=true -XX:TieredStopAtLevel=1 -Dspring.boot.project.name=01-UserWebService -javaagent:D:\sts-4.27.0.RELEASE\configuration\org.eclipse.osgi\275\0\.cp\lib\javaagent-shaded.jar -Dfile.encoding=UTF-8 -Dstdout.encoding=UTF-8 -Dstderr.encoding=UTF-8 com.example.demo.Application --spring.output.ansi.enabled=always

Host: Intel(R) Core(TM) i5-8265U CPU @ 1.60GHz, 8 cores, 11G,  Windows 11 , 64 bit Build 26100 (10.0.26100.3912)
Time: Mon May  5 16:27:08 2025 India Standard Time elapsed time: 203.458103 seconds (0d 0h 3m 23s)

---------------  T H R E A D  ---------------

Current thread (0x000002054104c810):  JavaThread "restartedMain"        [_thread_in_Java, id=28876, stack(0x000000e226700000,0x000000e226800000) (1024K)]

Stack: [0x000000e226700000,0x000000e226800000],  sp=0x000000e2267fdbf8,  free space=1014k
Native frames: (J=compiled Java code, j=interpreted, Vv=VM code, C=native code)
C  0x000002056ee41050

The last pc belongs to _linkToSpecial (printed below).

siginfo: EXCEPTION_ACCESS_VIOLATION (0xc0000005), reading address 0xffffffffffffffff


Registers:
RAX=0x000002056ee19086, RBX=0xe86e8ca600000000, RCX=0x000000e2267fdc00, RDX=0x0000000000000002
RSP=0x000000e2267fdbf8, RBP=0x000000e2267fdc48, RSI=0x000002057dcd6168, RDI=0x000002057ee6ea30
R8 =0x0000000000000004, R9 =0x0000000000000004, R10=0x00007ff82cbed040, R11=0x00000205000b5b20
R12=0x0000000000000000, R13=0x000000e2267fdbf8, R14=0x000000e2267fdc68, R15=0x000002054104c810
RIP=0x000002056ee41050, EFLAGS=0x0000000000010202


Register to memory mapping:

RAX=0x000002056ee19086 is at code_begin+3078 in an Interpreter codelet
return entry points  [0x000002056ee18480, 0x000002056ee1a298]  7704 bytes
RBX=0xe86e8ca600000000 is an unknown value
RCX=0x000000e2267fdc00 is pointing into the stack for thread: 0x000002054104c810
RDX=0x0000000000000002 is an unknown value
RSP=0x000000e2267fdbf8 is pointing into the stack for thread: 0x000002054104c810
RBP=0x000000e2267fdc48 is pointing into the stack for thread: 0x000002054104c810
RSI=0x000002057dcd6168 points into unknown readable memory: 0x800004134c8e227e | 7e 22 8e 4c 13 04 00 80
RDI=0x000002057ee6ea30 points into unknown readable memory: 0x0000001800000070 | 70 00 00 00 18 00 00 00
R8 =0x0000000000000004 is an unknown value
R9 =0x0000000000000004 is an unknown value
R10=0x00007ff82cbed040 jvm.dll
R11={method} {0x00000205000b5b28} 'newInvokeSpecial' '(Ljava/lang/Object;)Ljava/lang/Object;' in 'java/lang/invoke/DirectMethodHandle$Holder'
R12=0x0 is null
R13=0x000000e2267fdbf8 is pointing into the stack for thread: 0x000002054104c810
R14=0x000000e2267fdc68 is pointing into the stack for thread: 0x000002054104c810
R15=0x000002054104c810 is a thread

Top of Stack: (sp=0x000000e2267fdbf8)
0x000000e2267fdbf8:   000002056ee19086 000000e2267fdc00
0x000000e2267fdc08:   000002050072be1f 0000000000000004
0x000000e2267fdc18:   00000205000b0fd8 0000000744417ad8
0x000000e2267fdc28:   0000000741e3f7e0 00000205000b5b20
0x000000e2267fdc38:   000000e2267fdbf8 000000e2267fdc70
0x000000e2267fdc48:   000000e2267fdfe0 000002056f23134b
0x000000e2267fdc58:   0000000743746438 00000007437464e0
0x000000e2267fdc68:   0000000743746498 00000007437461f8
0x000000e2267fdc78:   000002057e9ef420 000000e2267fdfe0
0x000000e2267fdc88:   000002056f71e68c 000002057d1375a0
0x000000e2267fdc98:   000000e2267fb400 0000020569b3fb01
0x000000e2267fdca8:   000002057e9ef420 000002057d1375a0
0x000000e2267fdcb8:   00007ff82c4a893e 000002054104c810
0x000000e2267fdcc8:   000002057d1375a0 0000000000000000
0x000000e2267fdcd8:   0000000000000000 000002057d9e87f8
0x000000e2267fdce8:   0000000741e3f3b8 0000000744417ad8
0x000000e2267fdcf8:   00000007437460c0 00000007437460c0
0x000000e2267fdd08:   00000007437461f8 00000007437464c8
0x000000e2267fdd18:   0000000743746250 0000000744417ad8
0x000000e2267fdd28:   0000000000000001 000000e2267fdfe0
0x000000e2267fdd38:   0000020500000000 0000000000000000
0x000000e2267fdd48:   0000000000000000 0000000743746498
0x000000e2267fdd58:   000002056f22f45c 0000000000000000
0x000000e2267fdd68:   0000000000000000 0000000000000000
0x000000e2267fdd78:   00007ff82c5ac600 000002054104c810
0x000000e2267fdd88:   0000000000000000 00000007437461f8
0x000000e2267fdd98:   0000000000000000 00000007437460c0
0x000000e2267fdda8:   00000007437464c8 00000007437461f8
0x000000e2267fddb8:   0000000000000000 0000000743746100
0x000000e2267fddc8:   000002056f23086c 000000e2267fdfe0
0x000000e2267fddd8:   000002056f22d46a 0000000000000000
0x000000e2267fdde8:   000002056f1709a9 000002054104c810 

Instructions: (pc=0x000002056ee41050)
0x000002056ee40f50:   bf d8 05 00 00 00 74 03 ff 63 38 ff 63 50 e9 9d
0x000002056ee40f60:   16 00 00 66 66 66 0f 1f 84 00 00 00 00 00 66 66
0x000002056ee40f70:   66 90 66 66 0f 1f 84 00 00 00 00 00 66 66 66 90
0x000002056ee40f80:   48 8b 53 08 0f b7 52 2e 48 8b 0c d4 58 5b 50 44
0x000002056ee40f90:   8b 51 08 49 bb 00 00 00 00 05 02 00 00 4d 03 d3
0x000002056ee40fa0:   4c 8b 5b 10 4b 8b 9c da c0 01 00 00 48 85 db 0f
0x000002056ee40fb0:   84 10 00 00 00 41 80 bf d8 05 00 00 00 74 03 ff
0x000002056ee40fc0:   63 38 ff 63 50 e9 36 16 00 00 66 66 66 0f 1f 84
0x000002056ee40fd0:   00 00 00 00 00 66 66 66 90 0f 1f 80 00 00 00 00
0x000002056ee40fe0:   58 5b 50 8b 5b 24 48 c1 e3 03 48 8b 5b 10 48 85
0x000002056ee40ff0:   db 0f 84 10 00 00 00 41 80 bf d8 05 00 00 00 74
0x000002056ee41000:   03 ff 63 38 ff 63 50 e9 f4 15 00 00 66 66 66 0f
0x000002056ee41010:   1f 84 00 00 00 00 00 66 66 66 90 0f 1f 44 00 00
0x000002056ee41020:   48 8b 53 08 0f b7 52 2e 48 8b 0c d4 58 5b 50 48
0x000002056ee41030:   3b 01 8b 5b 24 48 c1 e3 03 48 8b 5b 10 48 85 db
0x000002056ee41040:   0f 84 10 00 00 00 41 80 bf d8 05 00 00 00 74 03
0x000002056ee41050:   ff 63 38 ff 63 50 e9 a5 15 00 00 0f 1f 44 00 00
0x000002056ee41060:   48 8b 53 08 0f b7 52 2e 48 8b 0c d4 58 5b 50 44
0x000002056ee41070:   8b 51 08 49 bb 00 00 00 00 05 02 00 00 4d 03 d3
0x000002056ee41080:   8b 43 18 48 c1 e0 03 48 8b 40 10 48 8b 5b 10 45
0x000002056ee41090:   8b 9a a0 00 00 00 4f 8d 9c da c0 01 00 00 4d 8d
0x000002056ee410a0:   14 da 49 8b 1b 48 3b c3 74 15 48 85 db 0f 84 32
0x000002056ee410b0:   00 00 00 49 83 c3 10 49 8b 1b 48 3b c3 75 eb 45
0x000002056ee410c0:   8b 5b 08 4b 8b 1c 1a 48 85 db 0f 84 10 00 00 00
0x000002056ee410d0:   41 80 bf d8 05 00 00 00 74 03 ff 63 38 ff 63 50
0x000002056ee410e0:   e9 1b 15 00 00 e9 16 12 00 00 f4 00 00 00 00 00
0x000002056ee410f0:   00 00 00 00 00 00 00 00 00 00 00 00 00 00 00 00
0x000002056ee41100:   00 00 00 00 00 00 00 00 00 00 00 00 00 00 00 00
0x000002056ee41110:   00 00 00 00 00 00 00 00 00 00 00 00 00 00 00 00
0x000002056ee41120:   00 00 00 00 00 00 00 00 00 00 00 00 00 00 00 00
0x000002056ee41130:   00 00 00 00 00 00 00 00 00 00 00 00 00 00 00 00
0x000002056ee41140:   00 00 00 00 00 00 00 00 00 00 00 00 00 00 00 00 


Stack slot to memory mapping:

stack at sp + 0 slots: 0x000002056ee19086 is at code_begin+3078 in an Interpreter codelet
return entry points  [0x000002056ee18480, 0x000002056ee1a298]  7704 bytes
stack at sp + 1 slots: 0x000000e2267fdc00 is pointing into the stack for thread: 0x000002054104c810
stack at sp + 2 slots: 0x000002050072be1f is pointing into metadata
stack at sp + 3 slots: 0x0000000000000004 is an unknown value
stack at sp + 4 slots: 0x00000205000b0fd8 is pointing into metadata
stack at sp + 5 slots: 0x0000000744417ad8 is an oop: java.lang.Class 
{0x0000000744417ad8} - klass: 'java/lang/Class'
 - ---- fields (total size 14 words):
 - private volatile transient 'classRedefinedCount' 'I' @12  1 (0x00000001)
 - injected 'klass' 'J' @16  2220519670264 (0x00000205014941f8)
 - injected 'array_klass' 'J' @24  0 (0x0000000000000000)
 - injected 'oop_size' 'I' @32  14 (0x0000000e)
 - injected 'static_oop_field_count' 'I' @36  0 (0x00000000)
 - private volatile transient 'cachedConstructor' 'Ljava/lang/reflect/Constructor;' @40  null (0x00000000)
 - private transient 'name' 'Ljava/lang/String;' @44  "com.example.demo.controller.UserController"{0x00000007427da210} (0xe84fb442)
 - private transient 'module' 'Ljava/lang/Module;' @48  a 'java/lang/Module'{0x0000000744c00300} (0xe8980060)
 - private final 'classLoader' 'Ljava/lang/ClassLoader;' @52  a 'org/springframework/boot/devtools/restart/classloader/RestartClassLoader'{0x0000000744c00170} (0xe898002e)
 - private transient 'classData' 'Ljava/lang/Object;' @56  null (0x00000000)
 - private transient 'packageName' 'Ljava/lang/String;' @60  "com.example.demo.controller"{0x00000007427296c8} (0xe84e52d9)
 - private final 'componentType' 'Ljava/lang/Class;' @64  null (0x00000000)
 - private volatile transient 'reflectionData' 'Ljava/lang/ref/SoftReference;' @68  a 'java/lang/ref/SoftReference'{0x000000074373e560} (0xe86e7cac)
 - private volatile transient 'genericInfo' 'Lsun/reflect/generics/repository/ClassRepository;' @72  null (0x00000000)
 - private volatile transient 'enumConstants' '[Ljava/lang/Object;' @76  null (0x00000000)
 - private volatile transient 'enumConstantDirectory' 'Ljava/util/Map;' @80  null (0x00000000)
 - private volatile transient 'annotationData' 'Ljava/lang/Class$AnnotationData;' @84  null (0x00000000)
 - private volatile transient 'annotationType' 'Lsun/reflect/annotation/AnnotationType;' @88  null (0x00000000)
 - transient 'classValueMap' 'Ljava/lang/ClassValue$ClassValueMap;' @92  null (0x00000000)
 - injected 'protection_domain' 'Ljava/lang/Object;' @96  a 'java/security/ProtectionDomain'{0x0000000744c0ba60} (0xe898174c)
 - injected 'signers_name' 'Ljava/lang/Object;' @100  null (0x00000000)
 - injected 'source_file' 'Ljava/lang/Object;' @104  null (0x00000000)
 - injected '<init_lock>' 'Ljava/lang/Object;' @108  null (0x00000000)
 - signature: Lcom/example/demo/controller/UserController;
 - ---- static fields (0):
stack at sp + 6 slots: 0x0000000741e3f7e0 is an oop: java.lang.Class 
{0x0000000741e3f7e0} - klass: 'java/lang/Class'
 - ---- fields (total size 14 words):
 - private volatile transient 'classRedefinedCount' 'I' @12  0 (0x00000000)
 - injected 'klass' 'J' @16  2220498815920 (0x00000205000b0bb0)
 - injected 'array_klass' 'J' @24  0 (0x0000000000000000)
 - injected 'oop_size' 'I' @32  14 (0x0000000e)
 - injected 'static_oop_field_count' 'I' @36  0 (0x00000000)
 - private volatile transient 'cachedConstructor' 'Ljava/lang/reflect/Constructor;' @40  null (0x00000000)
 - private transient 'name' 'Ljava/lang/String;' @44  null (0x00000000)
 - private transient 'module' 'Ljava/lang/Module;' @48  a 'java/lang/Module'{0x0000000741e35bd0} (0xe83c6b7a)
 - private final 'classLoader' 'Ljava/lang/ClassLoader;' @52  null (0x00000000)
 - private transient 'classData' 'Ljava/lang/Object;' @56  null (0x00000000)
 - private transient 'packageName' 'Ljava/lang/String;' @60  null (0x00000000)
 - private final 'componentType' 'Ljava/lang/Class;' @64  null (0x00000000)
 - private volatile transient 'reflectionData' 'Ljava/lang/ref/SoftReference;' @68  null (0x00000000)
 - private volatile transient 'genericInfo' 'Lsun/reflect/generics/repository/ClassRepository;' @72  null (0x00000000)
 - private volatile transient 'enumConstants' '[Ljava/lang/Object;' @76  null (0x00000000)
 - private volatile transient 'enumConstantDirectory' 'Ljava/util/Map;' @80  null (0x00000000)
 - private volatile transient 'annotationData' 'Ljava/lang/Class$AnnotationData;' @84  null (0x00000000)
 - private volatile transient 'annotationType' 'Lsun/reflect/annotation/AnnotationType;' @88  null (0x00000000)
 - transient 'classValueMap' 'Ljava/lang/ClassValue$ClassValueMap;' @92  null (0x00000000)
 - injected 'protection_domain' 'Ljava/lang/Object;' @96  null (0x00000000)
 - injected 'signers_name' 'Ljava/lang/Object;' @100  null (0x00000000)
 - injected 'source_file' 'Ljava/lang/Object;' @104  null (0x00000000)
 - injected '<init_lock>' 'Ljava/lang/Object;' @108  null (0x00000000)
 - signature: Ljava/lang/invoke/DirectMethodHandle$Holder;
 - ---- static fields (0):
stack at sp + 7 slots: {method} {0x00000205000b5b28} 'newInvokeSpecial' '(Ljava/lang/Object;)Ljava/lang/Object;' in 'java/lang/invoke/DirectMethodHandle$Holder'

MethodHandle::interpreter_entry::_linkToSpecial [0x000002056ee4100c, 0x000002056ee4105b] (79 bytes)
[MachCode]
  0x000002056ee4100c: 6666 660f | 1f84 0000 | 0000 0066 | 6666 900f | 1f44 0000 | 488b 5308 | 0fb7 522e | 488b 0cd4 
  0x000002056ee4102c: 585b 5048 | 3b01 8b5b | 2448 c1e3 | 0348 8b5b | 1048 85db | 0f84 1000 | 0000 4180 | bfd8 0500 
  0x000002056ee4104c: 0000 7403 | ff63 38ff | 6350 e9a5 | 
[/MachCode]

---------------  P R O C E S S  ---------------

Threads class SMR info:
_java_thread_list=0x000002057ecbcff0, length=26, elements={
0x0000020578d0b8b0, 0x0000020578d0ee80, 0x0000020578d16f90, 0x0000020578d17c60,
0x0000020578d1b3a0, 0x0000020578d1c960, 0x0000020578d21680, 0x0000020578cdb790,
0x000002057d149c40, 0x000002057d14c6b0, 0x000002057d152cd0, 0x000002057d74e4b0,
0x000002057d962250, 0x000002057d96eb40, 0x000002057da1df30, 0x000002057dd948f0,
0x000002057ddc3cb0, 0x000002057de10660, 0x000002054104e250, 0x0000020541050320,
0x000002054104f600, 0x000002054104ef70, 0x000002054104c810, 0x000002054104dbc0,
0x000002054104c180, 0x000002054104cea0
}

Java Threads: ( => current thread )
  0x0000020578d0b8b0 JavaThread "Reference Handler"          daemon [_thread_blocked, id=21108, stack(0x000000e225f00000,0x000000e226000000) (1024K)]
  0x0000020578d0ee80 JavaThread "Finalizer"                  daemon [_thread_blocked, id=14856, stack(0x000000e226000000,0x000000e226100000) (1024K)]
  0x0000020578d16f90 JavaThread "Signal Dispatcher"          daemon [_thread_blocked, id=25676, stack(0x000000e226100000,0x000000e226200000) (1024K)]
  0x0000020578d17c60 JavaThread "Attach Listener"            daemon [_thread_blocked, id=22420, stack(0x000000e226200000,0x000000e226300000) (1024K)]
  0x0000020578d1b3a0 JavaThread "Service Thread"             daemon [_thread_blocked, id=17680, stack(0x000000e226300000,0x000000e226400000) (1024K)]
  0x0000020578d1c960 JavaThread "Monitor Deflation Thread"   daemon [_thread_blocked, id=29308, stack(0x000000e226400000,0x000000e226500000) (1024K)]
  0x0000020578d21680 JavaThread "C1 CompilerThread0"         daemon [_thread_blocked, id=15312, stack(0x000000e226500000,0x000000e226600000) (1024K)]
  0x0000020578cdb790 JavaThread "Common-Cleaner"             daemon [_thread_blocked, id=28964, stack(0x000000e226600000,0x000000e226700000) (1024K)]
  0x000002057d149c40 JavaThread "JDWP Transport Listener: dt_socket" daemon [_thread_blocked, id=1396, stack(0x000000e226a00000,0x000000e226b00000) (1024K)]
  0x000002057d14c6b0 JavaThread "JDWP Event Helper Thread"   daemon [_thread_blocked, id=23592, stack(0x000000e226b00000,0x000000e226c00000) (1024K)]
  0x000002057d152cd0 JavaThread "JDWP Command Reader"        daemon [_thread_in_native, id=16088, stack(0x000000e226c00000,0x000000e226d00000) (1024K)]
  0x000002057d74e4b0 JavaThread "Notification Thread"        daemon [_thread_blocked, id=24424, stack(0x000000e226d00000,0x000000e226e00000) (1024K)]
  0x000002057d962250 JavaThread "RMI TCP Accept-0"           daemon [_thread_in_native, id=23236, stack(0x000000e226e00000,0x000000e226f00000) (1024K)]
  0x000002057d96eb40 JavaThread "RMI TCP Accept-62202"       daemon [_thread_in_native, id=24036, stack(0x000000e226f00000,0x000000e227000000) (1024K)]
  0x000002057da1df30 JavaThread "RMI TCP Accept-0"           daemon [_thread_in_native, id=26432, stack(0x000000e227700000,0x000000e227800000) (1024K)]
  0x000002057dd948f0 JavaThread "RMI Scheduler(0)"           daemon [_thread_blocked, id=29272, stack(0x000000e227900000,0x000000e227a00000) (1024K)]
  0x000002057ddc3cb0 JavaThread "JMX server connection timeout 38" daemon [_thread_blocked, id=17224, stack(0x000000e227b00000,0x000000e227c00000) (1024K)]
  0x000002057de10660 JavaThread "Live Reload Server"         daemon [_thread_in_native, id=7612, stack(0x000000e228400000,0x000000e228500000) (1024K)]
  0x000002054104e250 JavaThread "DestroyJavaVM"                     [_thread_blocked, id=29548, stack(0x000000e225700000,0x000000e225800000) (1024K)]
  0x0000020541050320 JavaThread "RMI TCP Connection(idle)"   daemon [_thread_blocked, id=24596, stack(0x000000e229400000,0x000000e229500000) (1024K)]
  0x000002054104f600 JavaThread "File Watcher"               daemon [_thread_blocked, id=27380, stack(0x000000e225500000,0x000000e225600000) (1024K)]
  0x000002054104ef70 JavaThread "Thread-7"                          [_thread_blocked, id=23388, stack(0x000000e225400000,0x000000e225500000) (1024K)]
=>0x000002054104c810 JavaThread "restartedMain"                     [_thread_in_Java, id=28876, stack(0x000000e226700000,0x000000e226800000) (1024K)]
  0x000002054104dbc0 JavaThread "Catalina-utility-1"                [_thread_blocked, id=24816, stack(0x000000e226800000,0x000000e226900000) (1024K)]
  0x000002054104c180 JavaThread "Catalina-utility-2"                [_thread_blocked, id=26596, stack(0x000000e226900000,0x000000e226a00000) (1024K)]
  0x000002054104cea0 JavaThread "container-1"                       [_thread_blocked, id=27292, stack(0x000000e227800000,0x000000e227900000) (1024K)]
Total: 26

Other Threads:
  0x0000020578cedff0 VMThread "VM Thread"                           [id=8992, stack(0x000000e225e00000,0x000000e225f00000) (1024K)]
  0x0000020578cda820 WatcherThread "VM Periodic Task Thread"        [id=28380, stack(0x000000e225d00000,0x000000e225e00000) (1024K)]
  0x0000020569b88450 WorkerThread "GC Thread#0"                     [id=23644, stack(0x000000e225800000,0x000000e225900000) (1024K)]
  0x000002057d9f6900 WorkerThread "GC Thread#1"                     [id=13780, stack(0x000000e227000000,0x000000e227100000) (1024K)]
  0x000002057d9f6ca0 WorkerThread "GC Thread#2"                     [id=14592, stack(0x000000e227100000,0x000000e227200000) (1024K)]
  0x000002057d9f7040 WorkerThread "GC Thread#3"                     [id=9316, stack(0x000000e227200000,0x000000e227300000) (1024K)]
  0x000002057da202e0 WorkerThread "GC Thread#4"                     [id=24352, stack(0x000000e227300000,0x000000e227400000) (1024K)]
  0x000002057d9869f0 WorkerThread "GC Thread#5"                     [id=2372, stack(0x000000e227400000,0x000000e227500000) (1024K)]
  0x000002057d995340 WorkerThread "GC Thread#6"                     [id=23772, stack(0x000000e227500000,0x000000e227600000) (1024K)]
  0x000002057d9956e0 WorkerThread "GC Thread#7"                     [id=12560, stack(0x000000e227600000,0x000000e227700000) (1024K)]
  0x0000020569b952b0 ConcurrentGCThread "G1 Main Marker"            [id=11852, stack(0x000000e225900000,0x000000e225a00000) (1024K)]
  0x0000020569b97180 WorkerThread "G1 Conc#0"                       [id=4172, stack(0x000000e225a00000,0x000000e225b00000) (1024K)]
  0x000002057df01e50 WorkerThread "G1 Conc#1"                       [id=4960, stack(0x000000e227f00000,0x000000e228000000) (1024K)]
  0x0000020569bedfe0 ConcurrentGCThread "G1 Refine#0"               [id=28300, stack(0x000000e225b00000,0x000000e225c00000) (1024K)]
  0x0000020569bee900 ConcurrentGCThread "G1 Service"                [id=26692, stack(0x000000e225c00000,0x000000e225d00000) (1024K)]
Total: 15

Threads with active compile tasks:
Total: 0

VM state: not at safepoint (normal execution)

VM Mutex/Monitor currently owned by a thread: None

Heap address: 0x0000000741e00000, size: 3042 MB, Compressed Oops mode: Zero based, Oop shift amount: 3

CDS archive(s) mapped at: [0x0000020500000000-0x0000020500c80000-0x0000020500c80000), size 13107200, SharedBaseAddress: 0x0000020500000000, ArchiveRelocationMode: 1.
Compressed class space mapped at: 0x0000020501000000-0x0000020541000000, reserved size: 1073741824
Narrow klass base: 0x0000020500000000, Narrow klass shift: 0, Narrow klass range: 0x100000000

GC Precious Log:
 CardTable entry size: 512
 Card Set container configuration: InlinePtr #cards 4 size 8 Array Of Cards #cards 16 size 48 Howl #buckets 8 coarsen threshold 3686 Howl Bitmap #cards 512 size 80 coarsen threshold 460 Card regions per heap region 1 cards per card region 4096
 CPUs: 8 total, 8 available
 Memory: 12166M
 Large Page Support: Disabled
 NUMA Support: Disabled
 Compressed Oops: Enabled (Zero based)
 Heap Region Size: 2M
 Heap Min Capacity: 8M
 Heap Initial Capacity: 192M
 Heap Max Capacity: 3042M
 Pre-touch: Disabled
 Parallel Workers: 8
 Concurrent Workers: 2
 Concurrent Refinement Workers: 8
 Periodic GC: Disabled

Heap:
 garbage-first heap   total 49152K, used 34693K [0x0000000741e00000, 0x0000000800000000)
  region size 2048K, 12 young (24576K), 0 survivors (0K)
 Metaspace       used 33615K, committed 34560K, reserved 1114112K
  class space    used 4417K, committed 4800K, reserved 1048576K

Heap Regions: E=young(eden), S=young(survivor), O=old, HS=humongous(starts), HC=humongous(continues), CS=collection set, F=free, TAMS=top-at-mark-start, PB=parsable bottom
|   0|0x0000000741e00000, 0x0000000741fffff8, 0x0000000742000000| 99%| O|  |TAMS 0x0000000741e00000| PB 0x0000000741e00000| Untracked 
|   1|0x0000000742000000, 0x00000007421fffc8, 0x0000000742200000| 99%| O|  |TAMS 0x0000000742000000| PB 0x0000000742000000| Untracked 
|   2|0x0000000742200000, 0x00000007423fffb8, 0x0000000742400000| 99%| O|  |TAMS 0x0000000742200000| PB 0x0000000742200000| Untracked 
|   3|0x0000000742400000, 0x00000007425fffe8, 0x0000000742600000| 99%| O|  |TAMS 0x0000000742400000| PB 0x0000000742400000| Untracked 
|   4|0x0000000742600000, 0x00000007427fffe8, 0x0000000742800000| 99%| O|  |TAMS 0x0000000742600000| PB 0x0000000742600000| Untracked 
|   5|0x0000000742800000, 0x00000007429a2678, 0x0000000742a00000| 81%| O|  |TAMS 0x0000000742800000| PB 0x0000000742800000| Untracked 
|   6|0x0000000742a00000, 0x0000000742a3ee50, 0x0000000742c00000| 12%| O|  |TAMS 0x0000000742a00000| PB 0x0000000742a00000| Untracked 
|   7|0x0000000742c00000, 0x0000000742c00000, 0x0000000742e00000|  0%| F|  |TAMS 0x0000000742c00000| PB 0x0000000742c00000| Untracked 
|   8|0x0000000742e00000, 0x0000000742e00000, 0x0000000743000000|  0%| F|  |TAMS 0x0000000742e00000| PB 0x0000000742e00000| Untracked 
|   9|0x0000000743000000, 0x0000000743000000, 0x0000000743200000|  0%| F|  |TAMS 0x0000000743000000| PB 0x0000000743000000| Untracked 
|  10|0x0000000743200000, 0x0000000743200000, 0x0000000743400000|  0%| F|  |TAMS 0x0000000743200000| PB 0x0000000743200000| Untracked 
|  11|0x0000000743400000, 0x0000000743400000, 0x0000000743600000|  0%| F|  |TAMS 0x0000000743400000| PB 0x0000000743400000| Untracked 
|  12|0x0000000743600000, 0x0000000743772b58, 0x0000000743800000| 72%| E|  |TAMS 0x0000000743600000| PB 0x0000000743600000| Complete 
|  13|0x0000000743800000, 0x0000000743a00000, 0x0000000743a00000|100%| E|CS|TAMS 0x0000000743800000| PB 0x0000000743800000| Complete 
|  14|0x0000000743a00000, 0x0000000743c00000, 0x0000000743c00000|100%| E|CS|TAMS 0x0000000743a00000| PB 0x0000000743a00000| Complete 
|  15|0x0000000743c00000, 0x0000000743e00000, 0x0000000743e00000|100%| E|CS|TAMS 0x0000000743c00000| PB 0x0000000743c00000| Complete 
|  16|0x0000000743e00000, 0x0000000744000000, 0x0000000744000000|100%| E|CS|TAMS 0x0000000743e00000| PB 0x0000000743e00000| Complete 
|  17|0x0000000744000000, 0x0000000744200000, 0x0000000744200000|100%| E|CS|TAMS 0x0000000744000000| PB 0x0000000744000000| Complete 
|  18|0x0000000744200000, 0x0000000744400000, 0x0000000744400000|100%| E|CS|TAMS 0x0000000744200000| PB 0x0000000744200000| Complete 
|  19|0x0000000744400000, 0x0000000744600000, 0x0000000744600000|100%| E|CS|TAMS 0x0000000744400000| PB 0x0000000744400000| Complete 
|  20|0x0000000744600000, 0x0000000744800000, 0x0000000744800000|100%| E|CS|TAMS 0x0000000744600000| PB 0x0000000744600000| Complete 
|  21|0x0000000744800000, 0x0000000744a00000, 0x0000000744a00000|100%| E|CS|TAMS 0x0000000744800000| PB 0x0000000744800000| Complete 
|  22|0x0000000744a00000, 0x0000000744c00000, 0x0000000744c00000|100%| E|CS|TAMS 0x0000000744a00000| PB 0x0000000744a00000| Complete 
|  23|0x0000000744c00000, 0x0000000744e00000, 0x0000000744e00000|100%| E|CS|TAMS 0x0000000744c00000| PB 0x0000000744c00000| Complete 

Card table byte_map: [0x0000020572cf0000,0x00000205732f0000] _byte_map_base: 0x000002056f2e1000

Marking Bits: (CMBitMap*) 0x0000020569b88a60
 Bits: [0x00000205732f0000, 0x0000020576278000)

Polling page: 0x0000020569bf0000

Metaspace:

Usage:
  Non-class:     28.51 MB used.
      Class:      4.31 MB used.
       Both:     32.83 MB used.

Virtual space:
  Non-class space:       64.00 MB reserved,      29.06 MB ( 45%) committed,  1 nodes.
      Class space:        1.00 GB reserved,       4.69 MB ( <1%) committed,  1 nodes.
             Both:        1.06 GB reserved,      33.75 MB (  3%) committed. 

Chunk freelists:
   Non-Class:  2.72 MB
       Class:  11.49 MB
        Both:  14.21 MB

MaxMetaspaceSize: unlimited
CompressedClassSpaceSize: 1.00 GB
Initial GC threshold: 21.00 MB
Current GC threshold: 56.25 MB
CDS: on
 - commit_granule_bytes: 65536.
 - commit_granule_words: 8192.
 - virtual_space_node_default_size: 8388608.
 - enlarge_chunks_in_place: 1.
 - use_allocation_guard: 0.


Internal statistics:

num_allocs_failed_limit: 3.
num_arena_births: 902.
num_arena_deaths: 368.
num_vsnodes_births: 2.
num_vsnodes_deaths: 0.
num_space_committed: 540.
num_space_uncommitted: 0.
num_chunks_returned_to_freelist: 441.
num_chunks_taken_from_freelist: 2129.
num_chunk_merges: 118.
num_chunk_splits: 1343.
num_chunks_enlarged: 909.
num_inconsistent_stats: 0.

CodeCache: size=49152Kb used=10864Kb max_used=10894Kb free=38288Kb
 bounds [0x000002056ee10000, 0x000002056f8c0000, 0x0000020571e10000]
 total_blobs=6143 nmethods=5569 adapters=498
 compilation: enabled
              stopped_count=0, restarted_count=0
 full_count=0

Compilation events (20 events):
Event: 201.113 Thread 0x0000020578d21680 5630       1       java.util.HashMap$Values::toArray (16 bytes)
Event: 201.113 Thread 0x0000020578d21680 nmethod 5630 0x000002056ef6b510 code [0x000002056ef6b6c0, 0x000002056ef6b7f8]
Event: 201.116 Thread 0x0000020578d21680 5631   !   1       org.springframework.beans.factory.support.DefaultSingletonBeanRegistry::registerDependentBean (115 bytes)
Event: 201.116 Thread 0x0000020578d21680 nmethod 5631 0x000002056ef6a910 code [0x000002056ef6ab40, 0x000002056ef6b188]
Event: 201.117 Thread 0x0000020578d21680 5632       1       org.apache.catalina.core.DefaultInstanceManager::findPostConstruct (10 bytes)
Event: 201.118 Thread 0x0000020578d21680 nmethod 5632 0x000002056ef6a590 code [0x000002056ef6a740, 0x000002056ef6a828]
Event: 201.118 Thread 0x0000020578d21680 5633       1       org.apache.catalina.core.DefaultInstanceManager::findPreDestroy (10 bytes)
Event: 201.118 Thread 0x0000020578d21680 nmethod 5633 0x000002056ef6a210 code [0x000002056ef6a3c0, 0x000002056ef6a4a8]
Event: 201.118 Thread 0x0000020578d21680 5634       1       org.apache.catalina.core.StandardHost::getName (5 bytes)
Event: 201.118 Thread 0x0000020578d21680 nmethod 5634 0x000002056ef69f10 code [0x000002056ef6a0a0, 0x000002056ef6a170]
Event: 201.118 Thread 0x0000020578d21680 5635       1       java.lang.ThreadGroup::getMaxPriority (5 bytes)
Event: 201.118 Thread 0x0000020578d21680 nmethod 5635 0x000002056ef69610 code [0x000002056ef697a0, 0x000002056ef69868]
Event: 201.118 Thread 0x0000020578d21680 5638   !   1       java.util.concurrent.ScheduledThreadPoolExecutor$DelayedWorkQueue::take (203 bytes)
Event: 201.119 Thread 0x0000020578d21680 nmethod 5638 0x000002056ef67c90 code [0x000002056ef67fc0, 0x000002056ef68b60]
Event: 201.120 Thread 0x0000020578d21680 5637       1       java.util.concurrent.ScheduledThreadPoolExecutor$DelayedWorkQueue::take (5 bytes)
Event: 201.120 Thread 0x0000020578d21680 nmethod 5637 0x000002056ef67910 code [0x000002056ef67ac0, 0x000002056ef67bb0]
Event: 201.120 Thread 0x0000020578d21680 5639       1       org.springframework.beans.factory.support.AbstractBeanFactory::evaluateBeanDefinitionString (55 bytes)
Event: 201.120 Thread 0x0000020578d21680 nmethod 5639 0x000002056ef67010 code [0x000002056ef67200, 0x000002056ef676a8]
Event: 201.605 Thread 0x0000020578d21680 5640       1       java.util.LinkedHashMap$LinkedKeySet::contains (9 bytes)
Event: 201.606 Thread 0x0000020578d21680 nmethod 5640 0x000002056ef66c90 code [0x000002056ef66e40, 0x000002056ef66f48]

GC Heap History (20 events):
Event: 2.170 GC heap before
{Heap before GC invocations=4 (full 0):
 garbage-first heap   total 34816K, used 32945K [0x0000000741e00000, 0x0000000800000000)
  region size 2048K, 14 young (28672K), 2 survivors (4096K)
 Metaspace       used 18878K, committed 19264K, reserved 1114112K
  class space    used 2393K, committed 2560K, reserved 1048576K
}
Event: 2.174 GC heap after
{Heap after GC invocations=5 (full 0):
 garbage-first heap   total 40960K, used 8710K [0x0000000741e00000, 0x0000000800000000)
  region size 2048K, 3 young (6144K), 3 survivors (6144K)
 Metaspace       used 18878K, committed 19264K, reserved 1114112K
  class space    used 2393K, committed 2560K, reserved 1048576K
}
Event: 2.236 GC heap before
{Heap before GC invocations=5 (full 0):
 garbage-first heap   total 40960K, used 27142K [0x0000000741e00000, 0x0000000800000000)
  region size 2048K, 12 young (24576K), 3 survivors (6144K)
 Metaspace       used 20360K, committed 20800K, reserved 1114112K
  class space    used 2622K, committed 2816K, reserved 1048576K
}
Event: 2.240 GC heap after
{Heap after GC invocations=6 (full 0):
 garbage-first heap   total 40960K, used 9153K [0x0000000741e00000, 0x0000000800000000)
  region size 2048K, 1 young (2048K), 1 survivors (2048K)
 Metaspace       used 20360K, committed 20800K, reserved 1114112K
  class space    used 2622K, committed 2816K, reserved 1048576K
}
Event: 2.440 GC heap before
{Heap before GC invocations=6 (full 0):
 garbage-first heap   total 40960K, used 31681K [0x0000000741e00000, 0x0000000800000000)
  region size 2048K, 12 young (24576K), 1 survivors (2048K)
 Metaspace       used 21754K, committed 22208K, reserved 1114112K
  class space    used 2811K, committed 3008K, reserved 1048576K
}
Event: 2.442 GC heap after
{Heap after GC invocations=7 (full 0):
 garbage-first heap   total 118784K, used 10835K [0x0000000741e00000, 0x0000000800000000)
  region size 2048K, 2 young (4096K), 2 survivors (4096K)
 Metaspace       used 21754K, committed 22208K, reserved 1114112K
  class space    used 2811K, committed 3008K, reserved 1048576K
}
Event: 3.127 GC heap before
{Heap before GC invocations=7 (full 0):
 garbage-first heap   total 118784K, used 74323K [0x0000000741e00000, 0x0000000800000000)
  region size 2048K, 34 young (69632K), 2 survivors (4096K)
 Metaspace       used 26676K, committed 27200K, reserved 1114112K
  class space    used 3490K, committed 3712K, reserved 1048576K
}
Event: 3.135 GC heap after
{Heap after GC invocations=8 (full 0):
 garbage-first heap   total 118784K, used 13325K [0x0000000741e00000, 0x0000000800000000)
  region size 2048K, 3 young (6144K), 3 survivors (6144K)
 Metaspace       used 26676K, committed 27200K, reserved 1114112K
  class space    used 3490K, committed 3712K, reserved 1048576K
}
Event: 3.418 GC heap before
{Heap before GC invocations=8 (full 0):
 garbage-first heap   total 118784K, used 35853K [0x0000000741e00000, 0x0000000800000000)
  region size 2048K, 15 young (30720K), 3 survivors (6144K)
 Metaspace       used 28462K, committed 28928K, reserved 1114112K
  class space    used 3733K, committed 3968K, reserved 1048576K
}
Event: 3.423 GC heap after
{Heap after GC invocations=9 (full 0):
 garbage-first heap   total 118784K, used 14509K [0x0000000741e00000, 0x0000000800000000)
  region size 2048K, 4 young (8192K), 4 survivors (8192K)
 Metaspace       used 28462K, committed 28928K, reserved 1114112K
  class space    used 3733K, committed 3968K, reserved 1048576K
}
Event: 13.951 GC heap before
{Heap before GC invocations=10 (full 0):
 garbage-first heap   total 55296K, used 53421K [0x0000000741e00000, 0x0000000800000000)
  region size 2048K, 23 young (47104K), 4 survivors (8192K)
 Metaspace       used 31395K, committed 31872K, reserved 1114112K
  class space    used 4139K, committed 4352K, reserved 1048576K
}
Event: 13.957 GC heap after
{Heap after GC invocations=11 (full 0):
 garbage-first heap   total 63488K, used 15943K [0x0000000741e00000, 0x0000000800000000)
  region size 2048K, 3 young (6144K), 3 survivors (6144K)
 Metaspace       used 31395K, committed 31872K, reserved 1114112K
  class space    used 4139K, committed 4352K, reserved 1048576K
}
Event: 76.738 GC heap before
{Heap before GC invocations=11 (full 0):
 garbage-first heap   total 63488K, used 36423K [0x0000000741e00000, 0x0000000800000000)
  region size 2048K, 14 young (28672K), 3 survivors (6144K)
 Metaspace       used 33436K, committed 34048K, reserved 1114112K
  class space    used 4419K, committed 4736K, reserved 1048576K
}
Event: 76.774 GC heap after
{Heap after GC invocations=12 (full 1):
 garbage-first heap   total 55296K, used 14409K [0x0000000741e00000, 0x0000000800000000)
  region size 2048K, 0 young (0K), 0 survivors (0K)
 Metaspace       used 33436K, committed 34048K, reserved 1114112K
  class space    used 4419K, committed 4736K, reserved 1048576K
}
Event: 78.784 GC heap before
{Heap before GC invocations=12 (full 1):
 garbage-first heap   total 55296K, used 47177K [0x0000000741e00000, 0x0000000800000000)
  region size 2048K, 16 young (32768K), 0 survivors (0K)
 Metaspace       used 33717K, committed 34304K, reserved 1114112K
  class space    used 4463K, committed 4736K, reserved 1048576K
}
Event: 78.787 GC heap after
{Heap after GC invocations=13 (full 1):
 garbage-first heap   total 55296K, used 18104K [0x0000000741e00000, 0x0000000800000000)
  region size 2048K, 2 young (4096K), 2 survivors (4096K)
 Metaspace       used 33717K, committed 34304K, reserved 1114112K
  class space    used 4463K, committed 4736K, reserved 1048576K
}
Event: 183.733 GC heap before
{Heap before GC invocations=13 (full 1):
 garbage-first heap   total 55296K, used 42680K [0x0000000741e00000, 0x0000000800000000)
  region size 2048K, 15 young (30720K), 2 survivors (4096K)
 Metaspace       used 33873K, committed 34560K, reserved 1114112K
  class space    used 4484K, committed 4800K, reserved 1048576K
}
Event: 183.738 GC heap after
{Heap after GC invocations=14 (full 1):
 garbage-first heap   total 55296K, used 18837K [0x0000000741e00000, 0x0000000800000000)
  region size 2048K, 1 young (2048K), 1 survivors (2048K)
 Metaspace       used 33873K, committed 34560K, reserved 1114112K
  class space    used 4484K, committed 4800K, reserved 1048576K
}
Event: 199.822 GC heap before
{Heap before GC invocations=14 (full 1):
 garbage-first heap   total 55296K, used 18837K [0x0000000741e00000, 0x0000000800000000)
  region size 2048K, 2 young (4096K), 1 survivors (2048K)
 Metaspace       used 33884K, committed 34560K, reserved 1114112K
  class space    used 4485K, committed 4800K, reserved 1048576K
}
Event: 199.858 GC heap after
{Heap after GC invocations=15 (full 2):
 garbage-first heap   total 49152K, used 12165K [0x0000000741e00000, 0x0000000800000000)
  region size 2048K, 0 young (0K), 0 survivors (0K)
 Metaspace       used 33520K, committed 34560K, reserved 1114112K
  class space    used 4394K, committed 4800K, reserved 1048576K
}

Dll operation events (12 events):
Event: 0.168 Loaded shared library D:\sts-4.27.0.RELEASE\plugins\org.eclipse.justj.openjdk.hotspot.jre.full.win32.x86_64_21.0.5.v20241023-1957\jre\bin\java.dll
Event: 0.196 Loaded shared library D:\sts-4.27.0.RELEASE\plugins\org.eclipse.justj.openjdk.hotspot.jre.full.win32.x86_64_21.0.5.v20241023-1957\jre\bin\zip.dll
Event: 0.589 Loaded shared library D:\sts-4.27.0.RELEASE\plugins\org.eclipse.justj.openjdk.hotspot.jre.full.win32.x86_64_21.0.5.v20241023-1957\jre\bin\instrument.dll
Event: 0.596 Loaded shared library D:\sts-4.27.0.RELEASE\plugins\org.eclipse.justj.openjdk.hotspot.jre.full.win32.x86_64_21.0.5.v20241023-1957\jre\bin\net.dll
Event: 0.597 Loaded shared library D:\sts-4.27.0.RELEASE\plugins\org.eclipse.justj.openjdk.hotspot.jre.full.win32.x86_64_21.0.5.v20241023-1957\jre\bin\nio.dll
Event: 0.600 Loaded shared library D:\sts-4.27.0.RELEASE\plugins\org.eclipse.justj.openjdk.hotspot.jre.full.win32.x86_64_21.0.5.v20241023-1957\jre\bin\zip.dll
Event: 0.720 Loaded shared library D:\sts-4.27.0.RELEASE\plugins\org.eclipse.justj.openjdk.hotspot.jre.full.win32.x86_64_21.0.5.v20241023-1957\jre\bin\jimage.dll
Event: 0.769 Loaded shared library D:\sts-4.27.0.RELEASE\plugins\org.eclipse.justj.openjdk.hotspot.jre.full.win32.x86_64_21.0.5.v20241023-1957\jre\bin\management.dll
Event: 0.780 Loaded shared library D:\sts-4.27.0.RELEASE\plugins\org.eclipse.justj.openjdk.hotspot.jre.full.win32.x86_64_21.0.5.v20241023-1957\jre\bin\management_ext.dll
Event: 1.025 Loaded shared library D:\sts-4.27.0.RELEASE\plugins\org.eclipse.justj.openjdk.hotspot.jre.full.win32.x86_64_21.0.5.v20241023-1957\jre\bin\extnet.dll
Event: 1.051 Loaded shared library D:\sts-4.27.0.RELEASE\plugins\org.eclipse.justj.openjdk.hotspot.jre.full.win32.x86_64_21.0.5.v20241023-1957\jre\bin\verify.dll
Event: 2.289 Loaded shared library D:\sts-4.27.0.RELEASE\plugins\org.eclipse.justj.openjdk.hotspot.jre.full.win32.x86_64_21.0.5.v20241023-1957\jre\bin\sunmscapi.dll

Deoptimization events (20 events):
Event: 201.120 Thread 0x000002054104c810 DEOPT PACKING pc=0x000002056f6993ec sp=0x000000e2267f9a90
Event: 201.120 Thread 0x000002054104c810 DEOPT UNPACKING pc=0x000002056ee64e42 sp=0x000000e2267f8fc8 mode 1
Event: 201.120 Thread 0x000002054104c810 DEOPT PACKING pc=0x000002056f5be3f4 sp=0x000000e2267f9b80
Event: 201.120 Thread 0x000002054104c810 DEOPT UNPACKING pc=0x000002056ee64e42 sp=0x000000e2267f9130 mode 1
Event: 201.120 Thread 0x000002054104c810 DEOPT PACKING pc=0x000002056f5bf72c sp=0x000000e2267f9cf0
Event: 201.120 Thread 0x000002054104c810 DEOPT UNPACKING pc=0x000002056ee64e42 sp=0x000000e2267f92b0 mode 1
Event: 201.120 Thread 0x000002054104c810 DEOPT PACKING pc=0x000002056f6993ec sp=0x000000e2267f9a90
Event: 201.120 Thread 0x000002054104c810 DEOPT UNPACKING pc=0x000002056ee64e42 sp=0x000000e2267f8fc8 mode 1
Event: 201.120 Thread 0x000002054104c810 DEOPT PACKING pc=0x000002056f5be3f4 sp=0x000000e2267f9b80
Event: 201.120 Thread 0x000002054104c810 DEOPT UNPACKING pc=0x000002056ee64e42 sp=0x000000e2267f9130 mode 1
Event: 201.120 Thread 0x000002054104c810 DEOPT PACKING pc=0x000002056f5bf72c sp=0x000000e2267f9cf0
Event: 201.120 Thread 0x000002054104c810 DEOPT UNPACKING pc=0x000002056ee64e42 sp=0x000000e2267f92b0 mode 1
Event: 201.130 Thread 0x000002054104c810 DEOPT PACKING pc=0x000002056f6993ec sp=0x000000e2267fccc0
Event: 201.130 Thread 0x000002054104c810 DEOPT UNPACKING pc=0x000002056ee64e42 sp=0x000000e2267fc1f8 mode 1
Event: 201.130 Thread 0x000002054104c810 DEOPT PACKING pc=0x000002056f5be3f4 sp=0x000000e2267fcdb0
Event: 201.130 Thread 0x000002054104c810 DEOPT UNPACKING pc=0x000002056ee64e42 sp=0x000000e2267fc360 mode 1
Event: 201.130 Thread 0x000002054104c810 DEOPT PACKING pc=0x000002056f5bf72c sp=0x000000e2267fcf20
Event: 201.130 Thread 0x000002054104c810 DEOPT UNPACKING pc=0x000002056ee64e42 sp=0x000000e2267fc4e0 mode 1
Event: 203.362 Thread 0x000002054104c810 DEOPT PACKING pc=0x000002056f244b34 sp=0x000000e2267fdc00
Event: 203.362 Thread 0x000002054104c810 DEOPT UNPACKING pc=0x000002056ee64e42 sp=0x000000e2267fd0b8 mode 0

Classes loaded (20 events):
Event: 76.723 Loading class sun/net/spi/DefaultProxySelector$NonProxyInfo
Event: 76.723 Loading class sun/net/spi/DefaultProxySelector$NonProxyInfo done
Event: 76.723 Loading class sun/net/spi/DefaultProxySelector$3
Event: 76.723 Loading class sun/net/spi/DefaultProxySelector$3 done
Event: 76.736 Loading class java/util/WeakHashMap$KeyIterator
Event: 76.736 Loading class java/util/WeakHashMap$HashIterator
Event: 76.736 Loading class java/util/WeakHashMap$HashIterator done
Event: 76.736 Loading class java/util/WeakHashMap$KeyIterator done
Event: 76.774 Loading class java/lang/ref/Finalizer$2
Event: 76.775 Loading class java/lang/ref/Finalizer$2 done
Event: 76.775 Loading class java/lang/ref/Finalizer$1
Event: 76.775 Loading class java/lang/ref/Finalizer$1 done
Event: 77.194 Loading class jdk/internal/loader/BootLoader$PackageHelper
Event: 77.194 Loading class jdk/internal/loader/BootLoader$PackageHelper done
Event: 85.802 Loading class sun/reflect/generics/reflectiveObjects/GenericArrayTypeImpl
Event: 85.802 Loading class sun/reflect/generics/reflectiveObjects/GenericArrayTypeImpl done
Event: 85.811 Loading class org/w3c/dom/Node
Event: 85.811 Loading class org/w3c/dom/Node done
Event: 85.811 Loading class org/w3c/dom/Document
Event: 85.811 Loading class org/w3c/dom/Document done

Classes unloaded (20 events):
Event: 199.832 Thread 0x0000020578cedff0 Unloading class 0x00000205010c0800 'java/lang/invoke/LambdaForm$MH+0x00000205010c0800'
Event: 199.832 Thread 0x0000020578cedff0 Unloading class 0x00000205010c0400 'java/lang/invoke/LambdaForm$DMH+0x00000205010c0400'
Event: 199.832 Thread 0x0000020578cedff0 Unloading class 0x00000205010c0000 'java/lang/invoke/LambdaForm$DMH+0x00000205010c0000'
Event: 199.832 Thread 0x0000020578cedff0 Unloading class 0x000002050100b800 'java/lang/invoke/LambdaForm$MH+0x000002050100b800'
Event: 199.832 Thread 0x0000020578cedff0 Unloading class 0x000002050100ac00 'java/lang/invoke/LambdaForm$MH+0x000002050100ac00'
Event: 199.832 Thread 0x0000020578cedff0 Unloading class 0x000002050100a800 'java/lang/invoke/LambdaForm$MH+0x000002050100a800'
Event: 199.832 Thread 0x0000020578cedff0 Unloading class 0x000002050100a400 'java/lang/invoke/LambdaForm$MH+0x000002050100a400'
Event: 199.832 Thread 0x0000020578cedff0 Unloading class 0x0000020501009c00 'java/lang/invoke/LambdaForm$MH+0x0000020501009c00'
Event: 199.832 Thread 0x0000020578cedff0 Unloading class 0x0000020501009000 'java/lang/invoke/LambdaForm$MH+0x0000020501009000'
Event: 199.832 Thread 0x0000020578cedff0 Unloading class 0x0000020501008000 'java/lang/invoke/LambdaForm$MH+0x0000020501008000'
Event: 199.832 Thread 0x0000020578cedff0 Unloading class 0x0000020501007c00 'java/lang/invoke/LambdaForm$MH+0x0000020501007c00'
Event: 199.832 Thread 0x0000020578cedff0 Unloading class 0x0000020501007400 'java/lang/invoke/LambdaForm$MH+0x0000020501007400'
Event: 199.832 Thread 0x0000020578cedff0 Unloading class 0x0000020501006c00 'java/lang/invoke/LambdaForm$MH+0x0000020501006c00'
Event: 199.832 Thread 0x0000020578cedff0 Unloading class 0x0000020501006400 'java/lang/invoke/LambdaForm$MH+0x0000020501006400'
Event: 199.832 Thread 0x0000020578cedff0 Unloading class 0x0000020501005c00 'java/lang/invoke/LambdaForm$MH+0x0000020501005c00'
Event: 199.832 Thread 0x0000020578cedff0 Unloading class 0x0000020501005400 'java/lang/invoke/LambdaForm$MH+0x0000020501005400'
Event: 199.832 Thread 0x0000020578cedff0 Unloading class 0x0000020501004000 'java/lang/invoke/LambdaForm$MH+0x0000020501004000'
Event: 199.832 Thread 0x0000020578cedff0 Unloading class 0x0000020501003c00 'java/lang/invoke/LambdaForm$MH+0x0000020501003c00'
Event: 199.832 Thread 0x0000020578cedff0 Unloading class 0x0000020501003800 'java/lang/invoke/LambdaForm$MH+0x0000020501003800'
Event: 199.832 Thread 0x0000020578cedff0 Unloading class 0x0000020501003400 'java/lang/invoke/LambdaForm$MH+0x0000020501003400'

Classes redefined (10 events):
Event: 75.075 Thread 0x0000020578cedff0 redefined class name=com.example.demo.controller.UserController, count=1
Event: 77.159 Thread 0x0000020578cedff0 redefined class name=com.example.demo.controller.UserController, count=2
Event: 77.159 Thread 0x0000020578cedff0 redefined class name=com.example.demo.controller.UserController, count=1
Event: 198.680 Thread 0x0000020578cedff0 redefined class name=com.example.demo.controller.UserController, count=1
Event: 198.680 Thread 0x0000020578cedff0 redefined class name=com.example.demo.controller.UserController, count=3
Event: 198.680 Thread 0x0000020578cedff0 redefined class name=com.example.demo.controller.UserController, count=2
Event: 203.376 Thread 0x0000020578cedff0 redefined class name=com.example.demo.controller.UserController, count=1
Event: 203.376 Thread 0x0000020578cedff0 redefined class name=com.example.demo.controller.UserController, count=3
Event: 203.376 Thread 0x0000020578cedff0 redefined class name=com.example.demo.controller.UserController, count=2
Event: 203.376 Thread 0x0000020578cedff0 redefined class name=com.example.demo.controller.UserController, count=4

Internal exceptions (20 events):
Event: 77.086 Thread 0x000002054104f600 Exception <a 'java/io/FileNotFoundException'{0x0000000743e502b0}> (0x0000000743e502b0) 
thrown [s\src\hotspot\share\prims\jni.cpp, line 520]
Event: 77.103 Thread 0x000002054104f600 Exception <a 'java/io/FileNotFoundException'{0x0000000743f1d1c0}> (0x0000000743f1d1c0) 
thrown [s\src\hotspot\share\prims\jni.cpp, line 520]
Event: 77.130 Thread 0x0000020541053110 Exception <a 'java/lang/InterruptedException'{0x0000000743f6bd50}: sleep interrupted> (0x0000000743f6bd50) 
thrown [s\src\hotspot\share\prims\jvm.cpp, line 3074]
Event: 77.155 Thread 0x000002054104f600 Exception <a 'java/lang/NoClassDefFoundError'{0x0000000743d60110}: jakarta/validation/ValidationException> (0x0000000743d60110) 
thrown [s\src\hotspot\share\classfile\systemDictionary.cpp, line 301]
Event: 77.169 Thread 0x000002054104f600 Exception <a 'java/lang/NoClassDefFoundError'{0x0000000743dab008}: liquibase/exception/ChangeLogParseException> (0x0000000743dab008) 
thrown [s\src\hotspot\share\classfile\systemDictionary.cpp, line 301]
Event: 77.177 Thread 0x000002054104f600 Exception <a 'java/lang/NoClassDefFoundError'{0x0000000743a2bb68}: org/springframework/jdbc/CannotGetJdbcConnectionException> (0x0000000743a2bb68) 
thrown [s\src\hotspot\share\classfile\systemDictionary.cpp, line 301]
Event: 78.667 Thread 0x000002054104c180 Exception <a 'sun/nio/fs/WindowsException'{0x0000000743ba07f8}> (0x0000000743ba07f8) 
thrown [s\src\hotspot\share\prims\jni.cpp, line 520]
Event: 78.890 Thread 0x000002054104c180 Exception <a 'java/lang/NoClassDefFoundError'{0x0000000744b7e648}: org/flywaydb/core/Flyway> (0x0000000744b7e648) 
thrown [s\src\hotspot\share\oops\constantPool.cpp, line 873]
Event: 78.892 Thread 0x000002054104c180 Exception <a 'java/lang/NoClassDefFoundError'{0x0000000744b7eca8}: liquibase/integration/spring/SpringLiquibase> (0x0000000744b7eca8) 
thrown [s\src\hotspot\share\oops\constantPool.cpp, line 873]
Event: 78.936 Thread 0x000002054104c180 Exception <a 'java/io/FileNotFoundException'{0x000000074476abd0}> (0x000000074476abd0) 
thrown [s\src\hotspot\share\prims\jni.cpp, line 520]
Event: 78.955 Thread 0x000002054104c180 Exception <a 'java/io/FileNotFoundException'{0x0000000744439ea0}> (0x0000000744439ea0) 
thrown [s\src\hotspot\share\prims\jni.cpp, line 520]
Event: 199.822 Thread 0x0000020541051040 Exception <a 'java/lang/InterruptedException'{0x00000007475432b0}: sleep interrupted> (0x00000007475432b0) 
thrown [s\src\hotspot\share\prims\jvm.cpp, line 3074]
Event: 199.876 Thread 0x000002054104c810 Exception <a 'sun/nio/fs/WindowsException'{0x0000000744c96450}> (0x0000000744c96450) 
thrown [s\src\hotspot\share\prims\jni.cpp, line 520]
Event: 200.161 Thread 0x000002054104c810 Exception <a 'java/lang/NoClassDefFoundError'{0x0000000743d4bc18}: org/flywaydb/core/Flyway> (0x0000000743d4bc18) 
thrown [s\src\hotspot\share\oops\constantPool.cpp, line 873]
Event: 201.048 Thread 0x000002054104c810 Exception <a 'java/lang/NoClassDefFoundError'{0x0000000743d4c278}: liquibase/integration/spring/SpringLiquibase> (0x0000000743d4c278) 
thrown [s\src\hotspot\share\oops\constantPool.cpp, line 873]
Event: 201.055 Thread 0x000002054104c810 Exception <a 'java/lang/NoSuchMethodError'{0x0000000743dbbff8}: 'void java.lang.invoke.DelegatingMethodHandle$Holder.reinvoke_L(java.lang.Object, java.lang.Object, int)'> (0x0000000743dbbff8) 
thrown [s\src\hotspot\share\interpreter\linkResolver.cpp, line 773]
Event: 201.099 Thread 0x000002054104c810 Exception <a 'java/lang/NoSuchMethodError'{0x00000007439fb170}: 'int java.lang.invoke.DirectMethodHandle$Holder.invokeVirtual(java.lang.Object, java.lang.Object, java.lang.Object, java.lang.Object)'> (0x00000007439fb170) 
thrown [s\src\hotspot\share\interpreter\linkResolver.cpp, line 773]
Event: 201.099 Thread 0x000002054104c810 Exception <a 'java/lang/NoSuchMethodError'{0x00000007439fe920}: 'int java.lang.invoke.DelegatingMethodHandle$Holder.reinvoke_L(java.lang.Object, java.lang.Object, java.lang.Object, java.lang.Object)'> (0x00000007439fe920) 
thrown [s\src\hotspot\share\interpreter\linkResolver.cpp, line 773]
Event: 201.103 Thread 0x000002054104c810 Exception <a 'java/io/FileNotFoundException'{0x00000007436360a8}> (0x00000007436360a8) 
thrown [s\src\hotspot\share\prims\jni.cpp, line 520]
Event: 201.117 Thread 0x000002054104c810 Exception <a 'java/io/FileNotFoundException'{0x00000007437141b8}> (0x00000007437141b8) 
thrown [s\src\hotspot\share\prims\jni.cpp, line 520]

ZGC Phase Switch (0 events):
No events

VM Operations (20 events):
Event: 201.356 Executing VM operation: get/set locals
Event: 201.356 Executing VM operation: get/set locals done
Event: 201.357 Executing VM operation: get/set locals
Event: 201.357 Executing VM operation: get/set locals done
Event: 203.362 Executing VM operation: ChangeSingleStep
Event: 203.362 Executing VM operation: ChangeSingleStep done
Event: 203.362 Executing VM operation: ChangeSingleStep
Event: 203.362 Executing VM operation: ChangeSingleStep done
Event: 203.372 Executing VM operation: RedefineClasses
Event: 203.385 Executing VM operation: RedefineClasses done
Event: 203.406 Executing VM operation: ChangeBreakpoints
Event: 203.408 Executing VM operation: ChangeBreakpoints done
Event: 203.411 Executing VM operation: ChangeBreakpoints
Event: 203.414 Executing VM operation: ChangeBreakpoints done
Event: 203.418 Executing VM operation: ChangeBreakpoints
Event: 203.420 Executing VM operation: ChangeBreakpoints done
Event: 203.424 Executing VM operation: ChangeBreakpoints
Event: 203.426 Executing VM operation: ChangeBreakpoints done
Event: 203.429 Executing VM operation: ChangeSingleStep
Event: 203.429 Executing VM operation: ChangeSingleStep done

Memory protections (0 events):
No events

Nmethod flushes (20 events):
Event: 76.756 Thread 0x0000020578cedff0 flushing  nmethod 0x000002056f1c8f10
Event: 76.756 Thread 0x0000020578cedff0 flushing  nmethod 0x000002056f333610
Event: 76.756 Thread 0x0000020578cedff0 flushing  nmethod 0x000002056f3f7810
Event: 76.756 Thread 0x0000020578cedff0 flushing  nmethod 0x000002056f435f90
Event: 76.756 Thread 0x0000020578cedff0 flushing  nmethod 0x000002056f436b10
Event: 76.756 Thread 0x0000020578cedff0 flushing  nmethod 0x000002056f473610
Event: 76.756 Thread 0x0000020578cedff0 flushing  nmethod 0x000002056f597910
Event: 76.756 Thread 0x0000020578cedff0 flushing  nmethod 0x000002056f59b010
Event: 76.756 Thread 0x0000020578cedff0 flushing  nmethod 0x000002056f5a3510
Event: 76.756 Thread 0x0000020578cedff0 flushing  nmethod 0x000002056f640d10
Event: 76.756 Thread 0x0000020578cedff0 flushing  nmethod 0x000002056f6b3f10
Event: 76.756 Thread 0x0000020578cedff0 flushing  nmethod 0x000002056f6c5410
Event: 76.756 Thread 0x0000020578cedff0 flushing  nmethod 0x000002056f719f10
Event: 199.839 Thread 0x0000020578cedff0 flushing  nmethod 0x000002056f490110
Event: 199.839 Thread 0x0000020578cedff0 flushing  nmethod 0x000002056f60a190
Event: 199.839 Thread 0x0000020578cedff0 flushing  nmethod 0x000002056f765310
Event: 199.839 Thread 0x0000020578cedff0 flushing  nmethod 0x000002056f77fd10
Event: 199.839 Thread 0x0000020578cedff0 flushing  nmethod 0x000002056f24b890
Event: 199.839 Thread 0x0000020578cedff0 flushing  nmethod 0x000002056f324b10
Event: 199.839 Thread 0x0000020578cedff0 flushing  nmethod 0x000002056f6f8490

Events (20 events):
Event: 199.818 Thread 0x000002057de0df00 Thread exited: 0x000002057de0df00
Event: 199.818 Thread 0x00000205410537a0 Thread exited: 0x00000205410537a0
Event: 199.818 Thread 0x000002057de0ffd0 Thread exited: 0x000002057de0ffd0
Event: 199.818 Thread 0x000002057de0e590 Thread exited: 0x000002057de0e590
Event: 199.818 Thread 0x00000205410523f0 Thread exited: 0x00000205410523f0
Event: 199.818 Thread 0x000002057de0ec20 Thread exited: 0x000002057de0ec20
Event: 199.819 Thread 0x000002057de10cf0 Thread exited: 0x000002057de10cf0
Event: 199.819 Thread 0x0000020541051d60 Thread exited: 0x0000020541051d60
Event: 199.819 Thread 0x0000020541053110 Thread exited: 0x0000020541053110
Event: 199.822 Thread 0x0000020541051040 Thread exited: 0x0000020541051040
Event: 199.822 Thread 0x00000205410509b0 Thread exited: 0x00000205410509b0
Event: 199.822 Thread 0x000002054104c810 Thread exited: 0x000002054104c810
Event: 199.858 Thread 0x000002054104ef70 Thread added: 0x000002054104c180
Event: 199.859 Thread 0x000002054104c180 Thread exited: 0x000002054104c180
Event: 199.859 Thread 0x000002054104ef70 Thread added: 0x000002054104c810
Event: 199.932 Thread 0x000002054104c810 Thread added: 0x000002054104c180
Event: 199.975 Thread 0x000002054104c180 Thread exited: 0x000002054104c180
Event: 201.118 Thread 0x000002054104c810 Thread added: 0x000002054104dbc0
Event: 201.118 Thread 0x000002054104c810 Thread added: 0x000002054104c180
Event: 201.118 Thread 0x000002054104c810 Thread added: 0x000002054104cea0


Dynamic libraries:
0x00007ff691630000 - 0x00007ff69163e000 	D:\sts-4.27.0.RELEASE\plugins\org.eclipse.justj.openjdk.hotspot.jre.full.win32.x86_64_21.0.5.v20241023-1957\jre\bin\javaw.exe
0x00007ff875b40000 - 0x00007ff875da6000 	C:\WINDOWS\SYSTEM32\ntdll.dll
0x00007ff873900000 - 0x00007ff8739c9000 	C:\WINDOWS\System32\KERNEL32.DLL
0x00007ff872ec0000 - 0x00007ff87328c000 	C:\WINDOWS\System32\KERNELBASE.dll
0x00007ff872cd0000 - 0x00007ff872e1b000 	C:\WINDOWS\System32\ucrtbase.dll
0x00007ff85cd30000 - 0x00007ff85cd4e000 	D:\sts-4.27.0.RELEASE\plugins\org.eclipse.justj.openjdk.hotspot.jre.full.win32.x86_64_21.0.5.v20241023-1957\jre\bin\VCRUNTIME140.dll
0x00007ff85b400000 - 0x00007ff85b418000 	D:\sts-4.27.0.RELEASE\plugins\org.eclipse.justj.openjdk.hotspot.jre.full.win32.x86_64_21.0.5.v20241023-1957\jre\bin\jli.dll
0x00007ff873bd0000 - 0x00007ff873d9a000 	C:\WINDOWS\System32\USER32.dll
0x00007ff873760000 - 0x00007ff873787000 	C:\WINDOWS\System32\win32u.dll
0x00007ff875a90000 - 0x00007ff875abb000 	C:\WINDOWS\System32\GDI32.dll
0x00007ff873290000 - 0x00007ff8733c2000 	C:\WINDOWS\System32\gdi32full.dll
0x00007ff873850000 - 0x00007ff8738f3000 	C:\WINDOWS\System32\msvcp_win.dll
0x00007ff84d780000 - 0x00007ff84da1a000 	C:\WINDOWS\WinSxS\amd64_microsoft.windows.common-controls_6595b64144ccf1df_6.0.26100.3912_none_3e07963ce335137e\COMCTL32.dll
0x00007ff873a60000 - 0x00007ff873b09000 	C:\WINDOWS\System32\msvcrt.dll
0x00007ff875ac0000 - 0x00007ff875af0000 	C:\WINDOWS\System32\IMM32.DLL
0x00007ff862fe0000 - 0x00007ff862fec000 	D:\sts-4.27.0.RELEASE\plugins\org.eclipse.justj.openjdk.hotspot.jre.full.win32.x86_64_21.0.5.v20241023-1957\jre\bin\vcruntime140_1.dll
0x00007ff85ac20000 - 0x00007ff85acad000 	D:\sts-4.27.0.RELEASE\plugins\org.eclipse.justj.openjdk.hotspot.jre.full.win32.x86_64_21.0.5.v20241023-1957\jre\bin\msvcp140.dll
0x00007ff82bf30000 - 0x00007ff82ccbf000 	D:\sts-4.27.0.RELEASE\plugins\org.eclipse.justj.openjdk.hotspot.jre.full.win32.x86_64_21.0.5.v20241023-1957\jre\bin\server\jvm.dll
0x00007ff873b10000 - 0x00007ff873bc2000 	C:\WINDOWS\System32\ADVAPI32.dll
0x00007ff8744d0000 - 0x00007ff874576000 	C:\WINDOWS\System32\sechost.dll
0x00007ff875540000 - 0x00007ff875656000 	C:\WINDOWS\System32\RPCRT4.dll
0x00007ff875200000 - 0x00007ff875274000 	C:\WINDOWS\System32\WS2_32.dll
0x00007ff872b20000 - 0x00007ff872b7e000 	C:\WINDOWS\SYSTEM32\POWRPROF.dll
0x00007ff85e0d0000 - 0x00007ff85e106000 	C:\WINDOWS\SYSTEM32\WINMM.dll
0x00007ff8658b0000 - 0x00007ff8658bb000 	C:\WINDOWS\SYSTEM32\VERSION.dll
0x00007ff872b00000 - 0x00007ff872b14000 	C:\WINDOWS\SYSTEM32\UMPDC.dll
0x00007ff871a50000 - 0x00007ff871a6a000 	C:\WINDOWS\SYSTEM32\kernel.appcore.dll
0x00007ff86f510000 - 0x00007ff86f51a000 	D:\sts-4.27.0.RELEASE\plugins\org.eclipse.justj.openjdk.hotspot.jre.full.win32.x86_64_21.0.5.v20241023-1957\jre\bin\jimage.dll
0x00007ff8703e0000 - 0x00007ff870621000 	C:\WINDOWS\SYSTEM32\DBGHELP.DLL
0x00007ff8747e0000 - 0x00007ff874b64000 	C:\WINDOWS\System32\combase.dll
0x00007ff875830000 - 0x00007ff875910000 	C:\WINDOWS\System32\OLEAUT32.dll
0x00007ff857760000 - 0x00007ff857799000 	C:\WINDOWS\SYSTEM32\dbgcore.DLL
0x00007ff872e20000 - 0x00007ff872eb9000 	C:\WINDOWS\System32\bcryptPrimitives.dll
0x00007ff84c0c0000 - 0x00007ff84c0fc000 	D:\sts-4.27.0.RELEASE\plugins\org.eclipse.justj.openjdk.hotspot.jre.full.win32.x86_64_21.0.5.v20241023-1957\jre\bin\jdwp.dll
0x00007ff862b00000 - 0x00007ff862b0f000 	D:\sts-4.27.0.RELEASE\plugins\org.eclipse.justj.openjdk.hotspot.jre.full.win32.x86_64_21.0.5.v20241023-1957\jre\bin\instrument.dll
0x00007ff85e120000 - 0x00007ff85e13f000 	D:\sts-4.27.0.RELEASE\plugins\org.eclipse.justj.openjdk.hotspot.jre.full.win32.x86_64_21.0.5.v20241023-1957\jre\bin\java.dll
0x00007ff873da0000 - 0x00007ff8744cd000 	C:\WINDOWS\System32\SHELL32.dll
0x00007ff873460000 - 0x00007ff8735d4000 	C:\WINDOWS\System32\wintypes.dll
0x00007ff870920000 - 0x00007ff871176000 	C:\WINDOWS\SYSTEM32\windows.storage.dll
0x00007ff875710000 - 0x00007ff8757ff000 	C:\WINDOWS\System32\SHCORE.dll
0x00007ff875920000 - 0x00007ff875989000 	C:\WINDOWS\System32\shlwapi.dll
0x00007ff872be0000 - 0x00007ff872c0f000 	C:\WINDOWS\SYSTEM32\profapi.dll
0x00007ff85cee0000 - 0x00007ff85cef8000 	D:\sts-4.27.0.RELEASE\plugins\org.eclipse.justj.openjdk.hotspot.jre.full.win32.x86_64_21.0.5.v20241023-1957\jre\bin\zip.dll
0x00007ff85dc50000 - 0x00007ff85dc5b000 	D:\sts-4.27.0.RELEASE\plugins\org.eclipse.justj.openjdk.hotspot.jre.full.win32.x86_64_21.0.5.v20241023-1957\jre\bin\dt_socket.dll
0x00007ff8714c0000 - 0x00007ff8714f3000 	C:\WINDOWS\SYSTEM32\IPHLPAPI.DLL
0x00007ff871fa0000 - 0x00007ff87200a000 	C:\WINDOWS\system32\mswsock.dll
0x00007ff871560000 - 0x00007ff871687000 	C:\WINDOWS\SYSTEM32\DNSAPI.dll
0x00007ff875010000 - 0x00007ff87501a000 	C:\WINDOWS\System32\NSI.dll
0x00007ff85e5a0000 - 0x00007ff85e5ab000 	C:\Windows\System32\rasadhlp.dll
0x00007ff869b30000 - 0x00007ff869bb6000 	C:\WINDOWS\System32\fwpuclnt.dll
0x00007ff86ef70000 - 0x00007ff86ef80000 	D:\sts-4.27.0.RELEASE\plugins\org.eclipse.justj.openjdk.hotspot.jre.full.win32.x86_64_21.0.5.v20241023-1957\jre\bin\net.dll
0x00007ff86c080000 - 0x00007ff86c19e000 	C:\WINDOWS\SYSTEM32\WINHTTP.dll
0x00007ff85ce50000 - 0x00007ff85ce66000 	D:\sts-4.27.0.RELEASE\plugins\org.eclipse.justj.openjdk.hotspot.jre.full.win32.x86_64_21.0.5.v20241023-1957\jre\bin\nio.dll
0x00007ff86c560000 - 0x00007ff86c56a000 	D:\sts-4.27.0.RELEASE\plugins\org.eclipse.justj.openjdk.hotspot.jre.full.win32.x86_64_21.0.5.v20241023-1957\jre\bin\management.dll
0x00007ff86b9c0000 - 0x00007ff86b9cb000 	D:\sts-4.27.0.RELEASE\plugins\org.eclipse.justj.openjdk.hotspot.jre.full.win32.x86_64_21.0.5.v20241023-1957\jre\bin\management_ext.dll
0x00007ff8739d0000 - 0x00007ff8739d8000 	C:\WINDOWS\System32\PSAPI.DLL
0x00007ff855c40000 - 0x00007ff855c58000 	C:\WINDOWS\system32\napinsp.dll
0x00007ff855990000 - 0x00007ff8559a2000 	C:\WINDOWS\System32\winrnr.dll
0x00007ff8556b0000 - 0x00007ff8556e0000 	C:\WINDOWS\system32\nlansp_c.dll
0x00007ff8555d0000 - 0x00007ff8555e6000 	C:\WINDOWS\system32\wshbth.dll
0x00007ff872360000 - 0x00007ff87237c000 	C:\WINDOWS\SYSTEM32\CRYPTSP.dll
0x00007ff8719b0000 - 0x00007ff8719ea000 	C:\WINDOWS\system32\rsaenh.dll
0x00007ff872040000 - 0x00007ff87206b000 	C:\WINDOWS\SYSTEM32\USERENV.dll
0x00007ff872bb0000 - 0x00007ff872bd6000 	C:\WINDOWS\SYSTEM32\bcrypt.dll
0x00007ff8721d0000 - 0x00007ff8721dc000 	C:\WINDOWS\SYSTEM32\CRYPTBASE.dll
0x00007ff864500000 - 0x00007ff864509000 	D:\sts-4.27.0.RELEASE\plugins\org.eclipse.justj.openjdk.hotspot.jre.full.win32.x86_64_21.0.5.v20241023-1957\jre\bin\extnet.dll
0x00007ff86cef0000 - 0x00007ff86cf00000 	D:\sts-4.27.0.RELEASE\plugins\org.eclipse.justj.openjdk.hotspot.jre.full.win32.x86_64_21.0.5.v20241023-1957\jre\bin\verify.dll
0x00007ff865120000 - 0x00007ff86512e000 	D:\sts-4.27.0.RELEASE\plugins\org.eclipse.justj.openjdk.hotspot.jre.full.win32.x86_64_21.0.5.v20241023-1957\jre\bin\sunmscapi.dll
0x00007ff8735e0000 - 0x00007ff873757000 	C:\WINDOWS\System32\CRYPT32.dll
0x00007ff8724b0000 - 0x00007ff8724e0000 	C:\WINDOWS\SYSTEM32\ncrypt.dll
0x00007ff872460000 - 0x00007ff87249f000 	C:\WINDOWS\SYSTEM32\NTASN1.dll
0x00007ff8517f0000 - 0x00007ff8517f8000 	C:\WINDOWS\system32\wshunix.dll

dbghelp: loaded successfully - version: 4.0.5 - missing functions: none
symbol engine: initialized successfully - sym options: 0x614 - pdb path: .;D:\sts-4.27.0.RELEASE\plugins\org.eclipse.justj.openjdk.hotspot.jre.full.win32.x86_64_21.0.5.v20241023-1957\jre\bin;C:\WINDOWS\SYSTEM32;C:\WINDOWS\WinSxS\amd64_microsoft.windows.common-controls_6595b64144ccf1df_6.0.26100.3912_none_3e07963ce335137e;D:\sts-4.27.0.RELEASE\plugins\org.eclipse.justj.openjdk.hotspot.jre.full.win32.x86_64_21.0.5.v20241023-1957\jre\bin\server

VM Arguments:
jvm_args: -XX:+ShowCodeDetailsInExceptionMessages -agentlib:jdwp=transport=dt_socket,suspend=y,address=localhost:62204 -Dcom.sun.management.jmxremote -Dcom.sun.management.jmxremote.port=62202 -Dcom.sun.management.jmxremote.authenticate=false -Dcom.sun.management.jmxremote.ssl=false -Djava.rmi.server.hostname=localhost -Dspring.jmx.enabled=true -Dmanagement.endpoints.jmx.exposure.include=* -Dspring.application.admin.enabled=true -XX:TieredStopAtLevel=1 -Dspring.boot.project.name=01-UserWebService -javaagent:D:\sts-4.27.0.RELEASE\configuration\org.eclipse.osgi\275\0\.cp\lib\javaagent-shaded.jar -Dfile.encoding=UTF-8 -Dstdout.encoding=UTF-8 -Dstderr.encoding=UTF-8 
java_command: com.example.demo.Application --spring.output.ansi.enabled=always
java_class_path (initial): D:\Workspaces\01-SB_Practice_Interview\05-REST API\01-UserWebService\target\classes;C:\Users\hi\.m2\repository\org\springframework\boot\spring-boot-starter-web\3.4.5\spring-boot-starter-web-3.4.5.jar;C:\Users\hi\.m2\repository\org\springframework\boot\spring-boot-starter\3.4.5\spring-boot-starter-3.4.5.jar;C:\Users\hi\.m2\repository\org\springframework\boot\spring-boot-starter-logging\3.4.5\spring-boot-starter-logging-3.4.5.jar;C:\Users\hi\.m2\repository\ch\qos\logback\logback-classic\1.5.18\logback-classic-1.5.18.jar;C:\Users\hi\.m2\repository\ch\qos\logback\logback-core\1.5.18\logback-core-1.5.18.jar;C:\Users\hi\.m2\repository\org\apache\logging\log4j\log4j-to-slf4j\2.24.3\log4j-to-slf4j-2.24.3.jar;C:\Users\hi\.m2\repository\org\apache\logging\log4j\log4j-api\2.24.3\log4j-api-2.24.3.jar;C:\Users\hi\.m2\repository\org\slf4j\jul-to-slf4j\2.0.17\jul-to-slf4j-2.0.17.jar;C:\Users\hi\.m2\repository\jakarta\annotation\jakarta.annotation-api\2.1.1\jakarta.annotation-api-2.1.1.jar;C:\Users\hi\.m2\repository\org\yaml\snakeyaml\2.3\snakeyaml-2.3.jar;C:\Users\hi\.m2\repository\org\springframework\boot\spring-boot-starter-json\3.4.5\spring-boot-starter-json-3.4.5.jar;C:\Users\hi\.m2\repository\com\fasterxml\jackson\core\jackson-databind\2.18.3\jackson-databind-2.18.3.jar;C:\Users\hi\.m2\repository\com\fasterxml\jackson\core\jackson-annotations\2.18.3\jackson-annotations-2.18.3.jar;C:\Users\hi\.m2\repository\com\fasterxml\jackson\core\jackson-core\2.18.3\jackson-core-2.18.3.jar;C:\Users\hi\.m2\repository\com\fasterxml\jackson\datatype\jackson-datatype-jdk8\2.18.3\jackson-datatype-jdk8-2.18.3.jar;C:\Users\hi\.m2\repository\com\fasterxml\jackson\datatype\jackson-datatype-jsr310\2.18.3\jackson-datatype-jsr310-2.18.3.jar;C:\Users\hi\.m2\repository\com\fasterxml\jackson\module\jackson-module-parameter-names\2.18.3\jackson-module-parameter-names-2.18.3.jar;C:\Users\hi\.m2\repository\org\springframework\boot\spring-boot-starter-tomcat\3.4.5\spring-boot-starter-tomcat-3.4.5.jar;C:\Users\hi\.m2\repository\org\apache\tomcat\embed\tomcat-embed-core\10.1.40\tomcat-embed-core-10.1.40.jar;C:\Users\hi\.m2\repository\org\apache\tomcat\embed\tomcat-embed-el\10.1.40\tomcat-embed-el-10.1.40.jar;C:\Users\hi\.m2\repository\org\apache\tomcat\embed\tomcat-embed-websocket\10.1.40\tomcat-embed-websocket-10.1.40.jar;C:\Users\hi\.m2\repository\org\springframework\spring-web\6.2.6\spring-web-6.2.6.jar;C:\Users\hi\.m2\repository\org\springframework\spring-beans\6.2.6\spring-beans-6.2.6.jar;C:\Users\hi\.m2\repository\io\micrometer\micrometer-observation\1.14.6\micrometer-observation-1.14.6.jar;C:\Users\hi\.m2\repository\io\micrometer\micrometer-commons\1.14.6\micrometer-commons-1.14.6.jar;C:\Users\hi\.m2\repository\org\springframework\spring-webmvc\6.2.6\spring-webmvc-6.2.6.jar;C:\Users\hi\.m2\repository\org\springframework\spring-aop\6.2.6\spring-aop-6.2.6.jar;C:\Users\hi\.m2\repository\org\springframework\spring-context\6.2.6\spring-context-6.2.6.jar;C:\Users\hi\.m2\repository\org\springframework\spring-expression\6.2.6\spring-expression-6.2.6.jar;C:\Users\hi\.m2\repository\org\springframework\boot\spring-boot-devtools\3.4.5\spring-boot-devtools-3.4.5.jar;C:\Users\hi\.m2\repository\org\springframework\boot\spring-boot\3.4.5\spring-boot-3.4.5.jar;C:\Users\hi\.m2\repository\org\springframework\boot\spring-boot-autoconfigure\3.4.5\spring-boot-autoconfigure-3.4.5.jar;C:\Users\hi\.m2\repository\org\slf4j\slf4j-api\2.0.17\slf4j-api-2.0.17.jar;C:\Users\hi\.m2\repository\org\springframework\spring-core\6.2.6\spring-core-6.2.6.jar;C:\Users\hi\.m2\repository\org\springframework\spring-jcl\6.2.6\spring-jcl-6.2.6.jar
Launcher Type: SUN_STANDARD

[Global flags]
     intx CICompilerCount                          = 4                                         {product} {ergonomic}
     uint ConcGCThreads                            = 2                                         {product} {ergonomic}
     uint G1ConcRefinementThreads                  = 8                                         {product} {ergonomic}
   size_t G1HeapRegionSize                         = 2097152                                   {product} {ergonomic}
    uintx GCDrainStackTargetSize                   = 64                                        {product} {ergonomic}
   size_t InitialHeapSize                          = 201326592                                 {product} {ergonomic}
     bool ManagementServer                         = true                                      {product} {command line}
   size_t MarkStackSize                            = 4194304                                   {product} {ergonomic}
   size_t MaxHeapSize                              = 3189768192                                {product} {ergonomic}
   size_t MaxNewSize                               = 1912602624                                {product} {ergonomic}
   size_t MinHeapDeltaBytes                        = 2097152                                   {product} {ergonomic}
   size_t MinHeapSize                              = 8388608                                   {product} {ergonomic}
    uintx NonNMethodCodeHeapSize                   = 4096                                   {pd product} {ergonomic}
    uintx NonProfiledCodeHeapSize                  = 0                                      {pd product} {ergonomic}
     bool ProfileInterpreter                       = false                                  {pd product} {command line}
    uintx ProfiledCodeHeapSize                     = 0                                      {pd product} {ergonomic}
     bool ShowCodeDetailsInExceptionMessages       = true                                   {manageable} {command line}
   size_t SoftMaxHeapSize                          = 3189768192                             {manageable} {ergonomic}
     intx TieredStopAtLevel                        = 1                                         {product} {command line}
     bool UseCompressedOops                        = true                           {product lp64_product} {ergonomic}
     bool UseG1GC                                  = true                                      {product} {ergonomic}
     bool UseLargePagesIndividualAllocation        = false                                  {pd product} {ergonomic}

Logging:
Log output configuration:
 #0: stdout all=warning uptime,level,tags foldmultilines=false
 #1: stderr all=off uptime,level,tags foldmultilines=false

Environment Variables:
JAVA_HOME=C:\Program Files\Java\jdk-21
PATH=D:\sts-4.27.0.RELEASE\plugins\org.eclipse.justj.openjdk.hotspot.jre.full.win32.x86_64_21.0.5.v20241023-1957\jre\bin;D:/sts-4.27.0.RELEASE//plugins/org.eclipse.justj.openjdk.hotspot.jre.full.win32.x86_64_21.0.5.v20241023-1957/jre/bin/server;D:/sts-4.27.0.RELEASE//plugins/org.eclipse.justj.openjdk.hotspot.jre.full.win32.x86_64_21.0.5.v20241023-1957/jre/bin;C:\Python312\Scripts\;C:\Python312\;C:\oraclexe\app\oracle\product\11.2.0\server\bin;C:\Program Files\Common Files\Oracle\Java\javapath;C:\WINDOWS\system32;C:\WINDOWS;C:\WINDOWS\System32\Wbem;C:\WINDOWS\System32\WindowsPowerShell\v1.0\;C:\WINDOWS\System32\OpenSSH\;C:\Program Files\Java\jdk-21\bin;C:\Program Files\Git\cmd;C:\Program Files\nodejs\;C:\ProgramData\chocolatey\bin;D:\apache-zookeeper-3.8.0-bin\bin;C:\Program Files\dotnet\;C:\Users\hi\Downloads\gradle-8.13-bin\gradle-8.13\bin;C:\Program Files\Java\jdk-17\bin;C:\Users\hi\AppData\Local\Programs\Microsoft VS Code\bin;C:\ProgramData\hi\GitHubDesktop\bin;C:\Users\hi\AppData\Roaming\npm;C:\Users\hi\AppData\Local\Microsoft\WindowsApps;C:\Users\hi\Downloads\apache-maven-3.9.9-bin\apache-maven-3.9.9\bin;;C:\Program Files\JetBrains\IntelliJ IDEA 2024.3.1.1\bin;;C:\Program Files\JetBrains\IntelliJ IDEA Community Edition 2024.3.1.1\bin;;D:\sts-4.27.0.RELEASE;
USERNAME=hi
OS=Windows_NT
PROCESSOR_IDENTIFIER=Intel64 Family 6 Model 142 Stepping 12, GenuineIntel
TMP=C:\Users\hi\AppData\Local\Temp
TEMP=C:\Users\hi\AppData\Local\Temp




Periodic native trim disabled

---------------  S Y S T E M  ---------------

OS:
 Windows 11 , 64 bit Build 26100 (10.0.26100.3912)
OS uptime: 7 days 5:37 hours
Hyper-V role detected

CPU: total 8 (initial active 8) (4 cores per cpu, 2 threads per core) family 6 model 142 stepping 12 microcode 0xfa, cx8, cmov, fxsr, ht, mmx, 3dnowpref, sse, sse2, sse3, ssse3, sse4.1, sse4.2, popcnt, lzcnt, tsc, tscinvbit, avx, avx2, aes, erms, clmul, bmi1, bmi2, adx, fma, vzeroupper, clflush, clflushopt, hv, rdtscp, f16c
Processor Information for all 8 processors :
  Max Mhz: 1800, Current Mhz: 1600, Mhz Limit: 1584

Memory: 4k page, system-wide physical 12166M (2098M free)
TotalPageFile size 14233M (AvailPageFile size 1567M)
current process WorkingSet (physical memory assigned to process): 163M, peak: 215M
current process commit charge ("private bytes"): 191M, peak: 309M

vm_info: OpenJDK 64-Bit Server VM (21.0.5+11-LTS) for windows-amd64 JRE (21.0.5+11-LTS), built on 2024-10-15T00:00:00Z by "admin" with MS VC++ 17.7 (VS2022)

END.
